<?xml version="1.0" encoding="UTF-8"?>
<testng-results ignored="0" total="2" passed="2" failed="0" skipped="0">
  <reporter-output>
  </reporter-output>
  <suite started-at="2023-07-01T11:20:08 IST" name="Surefire suite" finished-at="2023-07-01T11:20:08 IST" duration-ms="49">
    <groups>
    </groups>
    <test started-at="2023-07-01T11:20:08 IST" name="Surefire test" finished-at="2023-07-01T11:20:08 IST" duration-ms="49">
      <class name="newproject.AppTest">
        <test-method signature="testlogin1()[pri:0, instance:newproject.AppTest@70beb599]" started-at="2023-07-01T11:20:08 IST" name="testlogin1" finished-at="2023-07-01T11:20:08 IST" duration-ms="13" status="PASS">
          <reporter-output>
          </reporter-output>
        </test-method> <!-- testlogin1 -->
        <test-method signature="testlogin2()[pri:0, instance:newproject.AppTest@70beb599]" started-at="2023-07-01T11:20:08 IST" name="testlogin2" finished-at="2023-07-01T11:20:08 IST" duration-ms="0" status="PASS">
          <reporter-output>
          </reporter-output>
        </test-method> <!-- testlogin2 -->
      </class> <!-- newproject.AppTest -->
    </test> <!-- Surefire test -->
  </suite> <!-- Surefire suite -->
</testng-results>
