<?xml version="1.0" encoding="UTF-8"?>
<testng-results ignored="0" total="2" passed="2" failed="0" skipped="0">
  <reporter-output>
  </reporter-output>
  <suite started-at="2023-06-20T12:19:24 IST" name="Default suite" finished-at="2023-06-20T12:19:24 IST" duration-ms="51">
    <groups>
    </groups>
    <test started-at="2023-06-20T12:19:24 IST" name="Default test" finished-at="2023-06-20T12:19:24 IST" duration-ms="51">
      <class name="newproject.AppTest">
        <test-method signature="testlogin1()[pri:0, instance:newproject.AppTest@5dd6264]" started-at="2023-06-20T12:19:24 IST" name="testlogin1" finished-at="2023-06-20T12:19:24 IST" duration-ms="16" status="PASS">
          <reporter-output>
          </reporter-output>
        </test-method> <!-- testlogin1 -->
        <test-method signature="testlogin2()[pri:0, instance:newproject.AppTest@5dd6264]" started-at="2023-06-20T12:19:24 IST" name="testlogin2" finished-at="2023-06-20T12:19:24 IST" duration-ms="1" status="PASS">
          <reporter-output>
          </reporter-output>
        </test-method> <!-- testlogin2 -->
      </class> <!-- newproject.AppTest -->
    </test> <!-- Default test -->
  </suite> <!-- Default suite -->
</testng-results>
